0 info it worked if it ends with ok
1 verbose cli [ '/usr/local/bin/node',
1 verbose cli   '/usr/local/bin/npm',
1 verbose cli   'i',
1 verbose cli   '-ssave',
1 verbose cli   'riot' ]
2 info using npm@2.15.8
3 info using node@v4.4.7
4 verbose install initial load of /Users/home/pied_piper/package.json
5 verbose installManyTop reading scoped package data from /Users/home/pied_piper/node_modules/body-parser/package.json
6 verbose installManyTop reading scoped package data from /Users/home/pied_piper/node_modules/bower/package.json
7 verbose installManyTop reading scoped package data from /Users/home/pied_piper/node_modules/compression/package.json
8 verbose installManyTop reading scoped package data from /Users/home/pied_piper/node_modules/cookie-parser/package.json
9 verbose installManyTop reading scoped package data from /Users/home/pied_piper/node_modules/debug/package.json
10 verbose installManyTop reading scoped package data from /Users/home/pied_piper/node_modules/express/package.json
11 verbose installManyTop reading scoped package data from /Users/home/pied_piper/node_modules/fabric/package.json
12 verbose installManyTop reading scoped package data from /Users/home/pied_piper/node_modules/file-stream-rotator/package.json
13 verbose installManyTop reading scoped package data from /Users/home/pied_piper/node_modules/forever/package.json
14 verbose installManyTop reading scoped package data from /Users/home/pied_piper/node_modules/grunt/package.json
15 verbose installManyTop reading scoped package data from /Users/home/pied_piper/node_modules/grunt-appcache/package.json
16 verbose installManyTop reading scoped package data from /Users/home/pied_piper/node_modules/grunt-asset-version-json/package.json
17 verbose installManyTop reading scoped package data from /Users/home/pied_piper/node_modules/grunt-cli/package.json
18 verbose installManyTop reading scoped package data from /Users/home/pied_piper/node_modules/grunt-contrib-clean/package.json
19 verbose installManyTop reading scoped package data from /Users/home/pied_piper/node_modules/grunt-contrib-concat/package.json
20 verbose installManyTop reading scoped package data from /Users/home/pied_piper/node_modules/grunt-contrib-cssmin/package.json
21 verbose installManyTop reading scoped package data from /Users/home/pied_piper/node_modules/grunt-contrib-htmlmin/package.json
22 verbose installManyTop reading scoped package data from /Users/home/pied_piper/node_modules/grunt-contrib-sass/package.json
23 verbose installManyTop reading scoped package data from /Users/home/pied_piper/node_modules/grunt-contrib-uglify/package.json
24 verbose installManyTop reading scoped package data from /Users/home/pied_piper/node_modules/grunt-contrib-watch/package.json
25 verbose installManyTop reading scoped package data from /Users/home/pied_piper/node_modules/grunt-riot/package.json
26 verbose installManyTop reading scoped package data from /Users/home/pied_piper/node_modules/grunt-sass/package.json
27 verbose installManyTop reading scoped package data from /Users/home/pied_piper/node_modules/load-grunt-tasks/package.json
28 verbose installManyTop reading scoped package data from /Users/home/pied_piper/node_modules/mocha-phantomjs/package.json
29 verbose installManyTop reading scoped package data from /Users/home/pied_piper/node_modules/morgan/package.json
30 verbose installManyTop reading scoped package data from /Users/home/pied_piper/node_modules/mustache-express/package.json
31 verbose installManyTop reading scoped package data from /Users/home/pied_piper/node_modules/node-lzw/package.json
32 verbose installManyTop reading scoped package data from /Users/home/pied_piper/node_modules/node-sass/package.json
33 verbose installManyTop reading scoped package data from /Users/home/pied_piper/node_modules/request/package.json
34 verbose installManyTop reading scoped package data from /Users/home/pied_piper/node_modules/riot/package.json
35 verbose installManyTop reading scoped package data from /Users/home/pied_piper/node_modules/serve-favicon/package.json
36 verbose installManyTop reading scoped package data from /Users/home/pied_piper/node_modules/veronica-x/package.json
37 verbose installManyTop reading scoped package data from /Users/home/pied_piper/node_modules/winston/package.json
38 info package.json grunt@0.4.5 No license field.
39 info package.json grunt-asset-version-json@0.1.4 No license field.
40 info package.json node-lzw@0.3.1 license should be a valid SPDX license expression
41 info package.json veronica-x@0.9.2 No license field.
42 info package.json riot@2.5.0 No README data
43 info package.json grunt-cli@0.1.13 No license field.
44 info package.json grunt-contrib-clean@0.6.0 No license field.
45 info package.json grunt-contrib-cssmin@0.12.3 No license field.
46 info package.json grunt-contrib-sass@0.9.2 No license field.
47 info package.json grunt-contrib-htmlmin@0.4.0 No license field.
48 info package.json grunt-contrib-watch@0.6.1 No license field.
49 info package.json mocha-phantomjs@3.6.0 No license field.
50 verbose readDependencies loading dependencies from /Users/home/pied_piper/package.json
51 verbose install riot is installed as 2.5.0
52 silly cache add args [ 'riot', null ]
53 verbose cache add spec riot
54 silly cache add parsed spec Result {
54 silly cache add   raw: 'riot',
54 silly cache add   scope: null,
54 silly cache add   name: 'riot',
54 silly cache add   rawSpec: '',
54 silly cache add   spec: 'latest',
54 silly cache add   type: 'tag' }
55 silly addNamed riot@latest
56 verbose addNamed "latest" is being treated as a dist-tag for riot
57 info addNameTag [ 'riot', 'latest' ]
58 silly mapToRegistry name riot
59 silly mapToRegistry using default registry
60 silly mapToRegistry registry https://registry.npmjs.org/
61 silly mapToRegistry data Result {
61 silly mapToRegistry   raw: 'riot',
61 silly mapToRegistry   scope: null,
61 silly mapToRegistry   name: 'riot',
61 silly mapToRegistry   rawSpec: '',
61 silly mapToRegistry   spec: 'latest',
61 silly mapToRegistry   type: 'tag' }
62 silly mapToRegistry uri https://registry.npmjs.org/riot
63 verbose addNameTag registry:https://registry.npmjs.org/riot not in flight; fetching
64 verbose request uri https://registry.npmjs.org/riot
65 verbose request no auth needed
66 info attempt registry request try #1 at 1:15:15 PM
67 verbose request id 29c3f05e6b2064d7
68 verbose etag "5VHHA9T86Z2YPV2AYMPQM55DX"
69 http request GET https://registry.npmjs.org/riot
70 http 304 https://registry.npmjs.org/riot
71 verbose headers { date: 'Tue, 26 Jul 2016 07:45:16 GMT',
71 verbose headers   via: '1.1 varnish',
71 verbose headers   'cache-control': 'max-age=300',
71 verbose headers   etag: '"5VHHA9T86Z2YPV2AYMPQM55DX"',
71 verbose headers   age: '0',
71 verbose headers   connection: 'keep-alive',
71 verbose headers   'x-served-by': 'cache-sin6922-SIN',
71 verbose headers   'x-cache': 'MISS',
71 verbose headers   'x-cache-hits': '0',
71 verbose headers   'x-timer': 'S1469519116.520726,VS0,VE446',
71 verbose headers   vary: 'Accept-Encoding' }
72 silly get cb [ 304,
72 silly get   { date: 'Tue, 26 Jul 2016 07:45:16 GMT',
72 silly get     via: '1.1 varnish',
72 silly get     'cache-control': 'max-age=300',
72 silly get     etag: '"5VHHA9T86Z2YPV2AYMPQM55DX"',
72 silly get     age: '0',
72 silly get     connection: 'keep-alive',
72 silly get     'x-served-by': 'cache-sin6922-SIN',
72 silly get     'x-cache': 'MISS',
72 silly get     'x-cache-hits': '0',
72 silly get     'x-timer': 'S1469519116.520726,VS0,VE446',
72 silly get     vary: 'Accept-Encoding' } ]
73 verbose etag https://registry.npmjs.org/riot from cache
74 verbose get saving riot to /Users/home/.npm/registry.npmjs.org/riot/.cache.json
75 verbose correctMkdir /Users/home/.npm correctMkdir not in flight; initializing
76 silly addNameTag next cb for riot with tag latest
77 silly addNamed riot@2.5.0
78 verbose addNamed "2.5.0" is a plain semver version for riot
79 silly cache afterAdd riot@2.5.0
80 verbose afterAdd /Users/home/.npm/riot/2.5.0/package/package.json not in flight; writing
81 verbose correctMkdir /Users/home/.npm correctMkdir not in flight; initializing
82 verbose afterAdd /Users/home/.npm/riot/2.5.0/package/package.json written
83 silly install resolved [ { name: 'riot',
83 silly install resolved     version: '2.5.0',
83 silly install resolved     description: 'A React-like user interface micro-library',
83 silly install resolved     homepage: 'http://riotjs.com/',
83 silly install resolved     repository: { type: 'git', url: 'git+https://github.com/riot/riot.git' },
83 silly install resolved     author: { name: 'Riot maintainers team + smart people from all over the world' },
83 silly install resolved     contributors: [ [Object], [Object], [Object], [Object], [Object] ],
83 silly install resolved     license: 'MIT',
83 silly install resolved     engines: { node: '>=4.0.0' },
83 silly install resolved     scripts: { test: 'make riot' },
83 silly install resolved     keywords:
83 silly install resolved      [ 'custom tags',
83 silly install resolved        'custom elements',
83 silly install resolved        'web components',
83 silly install resolved        'virtual dom',
83 silly install resolved        'shadow dom',
83 silly install resolved        'polymer',
83 silly install resolved        'react',
83 silly install resolved        'jsx',
83 silly install resolved        'minimal',
83 silly install resolved        'minimalist',
83 silly install resolved        'client-side',
83 silly install resolved        'framework',
83 silly install resolved        'declarative',
83 silly install resolved        'templating',
83 silly install resolved        'template',
83 silly install resolved        'data binding',
83 silly install resolved        'mvc',
83 silly install resolved        'router',
83 silly install resolved        'model',
83 silly install resolved        'view',
83 silly install resolved        'controller',
83 silly install resolved        'riotjs',
83 silly install resolved        'riot.js' ],
83 silly install resolved     dependencies:
83 silly install resolved      { 'riot-cli': '^2.6.1',
83 silly install resolved        'riot-compiler': '^2.5.2',
83 silly install resolved        'riot-observable': '^2.4.2',
83 silly install resolved        'riot-route': '^2.4.0',
83 silly install resolved        'riot-tmpl': '^2.4.0',
83 silly install resolved        'simple-dom': '0.3.0',
83 silly install resolved        'simple-html-tokenizer': '^0.2.3' },
83 silly install resolved     devDependencies:
83 silly install resolved      { benchmark: '^2.1.0',
83 silly install resolved        cheerio: '^0.20.0',
83 silly install resolved        coveralls: '^2.11.9',
83 silly install resolved        eslint: '^2.13.1',
83 silly install resolved        'expect.js': '^0.3.1',
83 silly install resolved        glob: '^7.0.3',
83 silly install resolved        istanbul: '^0.4.3',
83 silly install resolved        jsdom: '^9.0.0',
83 silly install resolved        karma: '^0.13.22',
83 silly install resolved        'karma-coverage': '^1.0.0',
83 silly install resolved        'karma-mocha': '^1.0.1',
83 silly install resolved        'karma-phantomjs-launcher': '^1.0.1',
83 silly install resolved        'karma-sauce-launcher': '^1.0.0',
83 silly install resolved        mocha: '^2.4.5',
83 silly install resolved        'phantomjs-prebuilt': '^2.1.7',
83 silly install resolved        smash: '0.0.15',
83 silly install resolved        'uglify-js': 'latest' },
83 silly install resolved     preferGlobal: true,
83 silly install resolved     files:
83 silly install resolved      [ 'lib',
83 silly install resolved        'riot.js',
83 silly install resolved        'riot.min.js',
83 silly install resolved        'riot.csp.js',
83 silly install resolved        'riot.csp.min.js',
83 silly install resolved        'riot+compiler.js',
83 silly install resolved        'riot+compiler.min.js' ],
83 silly install resolved     bin: { riot: 'node_modules/riot-cli/lib/index.js' },
83 silly install resolved     main: 'lib/server/index.js',
83 silly install resolved     browser: 'riot.js',
83 silly install resolved     spm: { main: 'riot.js', ignore: [Object] },
83 silly install resolved     gitHead: '67e8c5b7b76df3ae8c7b3fd48e3cb31408632619',
83 silly install resolved     bugs: { url: 'https://github.com/riot/riot/issues' },
83 silly install resolved     _id: 'riot@2.5.0',
83 silly install resolved     _shasum: '011574e0bc0e13aefcf0c27e8cdc84916881a145',
83 silly install resolved     _from: 'riot@latest',
83 silly install resolved     _npmVersion: '3.9.3',
83 silly install resolved     _nodeVersion: '6.2.0',
83 silly install resolved     _npmUser: { name: 'gianlucaguarini', email: 'gianluca.guarini@gmail.com' },
83 silly install resolved     dist:
83 silly install resolved      { shasum: '011574e0bc0e13aefcf0c27e8cdc84916881a145',
83 silly install resolved        tarball: 'https://registry.npmjs.org/riot/-/riot-2.5.0.tgz' },
83 silly install resolved     maintainers: [ [Object], [Object], [Object], [Object] ],
83 silly install resolved     _npmOperationalInternal:
83 silly install resolved      { host: 'packages-12-west.internal.npmjs.com',
83 silly install resolved        tmp: 'tmp/riot-2.5.0.tgz_1467572785999_0.24946493143215775' },
83 silly install resolved     directories: {},
83 silly install resolved     _resolved: 'https://registry.npmjs.org/riot/-/riot-2.5.0.tgz',
83 silly install resolved     readme: 'ERROR: No README data found!' } ]
84 info install riot@2.5.0 into /Users/home/pied_piper
85 info installOne riot@2.5.0
86 verbose installOne of riot to /Users/home/pied_piper not in flight; installing
87 verbose correctMkdir /Users/home/.npm/_locks correctMkdir not in flight; initializing
88 verbose lock using /Users/home/.npm/_locks/riot-00bf1fe48f4c4177.lock for /Users/home/pied_piper/node_modules/riot
89 silly install write writing riot 2.5.0 to /Users/home/pied_piper/node_modules/riot
90 verbose unbuild node_modules/riot
91 info preuninstall riot@2.5.0
92 info uninstall riot@2.5.0
93 verbose unbuild rmStuff riot@2.5.0 from /Users/home/pied_piper/node_modules
94 silly gentlyRm /Users/home/pied_piper/node_modules/.bin/riot is being gently removed
95 silly gentlyRm verifying /Users/home/pied_piper is an npm working directory
96 silly gentlyRm containing path /Users/home/pied_piper is under npm's control, in /Users/home/pied_piper
97 silly gentlyRm deletion target /Users/home/pied_piper/node_modules/.bin/riot is under /Users/home/pied_piper
98 verbose gentlyRm vacuuming from /Users/home/pied_piper/node_modules/.bin/riot up to /Users/home/pied_piper
99 silly vacuum-fs removing /Users/home/pied_piper/node_modules/.bin/riot
100 verbose unlock done using /Users/home/.npm/_locks/riot-00bf1fe48f4c4177.lock for /Users/home/pied_piper/node_modules/riot
101 verbose stack Error: EACCES: permission denied, unlink '/Users/home/pied_piper/node_modules/.bin/riot'
101 verbose stack     at Error (native)
102 verbose cwd /Users/home/pied_piper
103 error Darwin 14.5.0
104 error argv "/usr/local/bin/node" "/usr/local/bin/npm" "i" "-ssave" "riot"
105 error node v4.4.7
106 error npm  v2.15.8
107 error path /Users/home/pied_piper/node_modules/.bin/riot
108 error code EACCES
109 error errno -13
110 error syscall unlink
111 error Error: EACCES: permission denied, unlink '/Users/home/pied_piper/node_modules/.bin/riot'
111 error     at Error (native)
111 error  { [Error: EACCES: permission denied, unlink '/Users/home/pied_piper/node_modules/.bin/riot']
111 error   errno: -13,
111 error   code: 'EACCES',
111 error   syscall: 'unlink',
111 error   path: '/Users/home/pied_piper/node_modules/.bin/riot' }
112 error Please try running this command again as root/Administrator.
113 verbose exit [ -13, true ]
114 verbose unbuild node_modules/riot
115 info preuninstall riot@2.5.0
116 info uninstall riot@2.5.0
117 verbose unbuild rmStuff riot@2.5.0 from /Users/home/pied_piper/node_modules
118 silly gentlyRm /Users/home/pied_piper/node_modules/.bin/riot is being gently removed
119 silly gentlyRm verifying /Users/home/pied_piper is an npm working directory
120 silly gentlyRm containing path /Users/home/pied_piper is under npm's control, in /Users/home/pied_piper
121 silly gentlyRm deletion target /Users/home/pied_piper/node_modules/.bin/riot is under /Users/home/pied_piper
122 verbose gentlyRm vacuuming from /Users/home/pied_piper/node_modules/.bin/riot up to /Users/home/pied_piper
123 silly vacuum-fs removing /Users/home/pied_piper/node_modules/.bin/riot
124 error error rolling back Error: EACCES: permission denied, unlink '/Users/home/pied_piper/node_modules/.bin/riot'
124 error error rolling back     at Error (native)
124 error error rolling back  { [Error: EACCES: permission denied, unlink '/Users/home/pied_piper/node_modules/.bin/riot']
124 error error rolling back   errno: -13,
124 error error rolling back   code: 'EACCES',
124 error error rolling back   syscall: 'unlink',
124 error error rolling back   path: '/Users/home/pied_piper/node_modules/.bin/riot' }
